#
# A fatal error has been detected by the Java Runtime Environment:
#
#  Internal Error (javaClasses.cpp:129), pid=273596, tid=279564
#  fatal error: Invalid layout of preloaded class
#
# JRE version: 7.0_21-b11
# Java VM: Java HotSpot(TM) Client VM (23.21-b01 mixed mode windows-x86 )
# Failed to write core dump. Minidumps are not enabled by default on client versions of Windows
#
# If you would like to submit a bug report, please visit:
#   http://bugreport.sun.com/bugreport/crash.jsp
#

---------------  T H R E A D  ---------------

Current thread (0x009b9000):  JavaThread "Unknown thread" [_thread_in_vm, id=279564, stack(0x00aa0000,0x00af0000)]

Stack: [0x00aa0000,0x00af0000],  sp=0x00aefb2c,  free space=318k
Native frames: (J=compiled Java code, j=interpreted, Vv=VM code, C=native code)
V  [jvm.dll+0x170511]
V  [jvm.dll+0x16a6b6]
V  [jvm.dll+0x2082f]
V  [jvm.dll+0x208b6]
V  [jvm.dll+0x2e5dd]
V  [jvm.dll+0x2e889]
V  [jvm.dll+0x77bd1]
V  [jvm.dll+0x77f8b]
V  [jvm.dll+0x12a1b1]
V  [jvm.dll+0x14ac6a]
V  [jvm.dll+0xa9eef]
C  [javaw.exe+0x13ca]
C  [javaw.exe+0x1e3c]
C  [javaw.exe+0xa5b1]
C  [javaw.exe+0xa63b]
C  [kernel32.dll+0xb729]  GetModuleFileNameA+0x1ba


---------------  P R O C E S S  ---------------

Java Threads: ( => current thread )

Other Threads:

=>0x009b9000 (exited) JavaThread "Unknown thread" [_thread_in_vm, id=279564, stack(0x00aa0000,0x00af0000)]

VM state:not at safepoint (not fully initialized)

VM Mutex/Monitor currently owned by a thread: None

GC Heap History (0 events):
No events

Deoptimization events (0 events):
No events

Internal exceptions (0 events):
No events

Events (10 events):
Event: 0.102 loading class 0x16c710a0 done
Event: 0.102 loading class 0x16c709e0 done
Event: 0.102 loading class 0x16c709b8
Event: 0.102 loading class 0x16cc5ca0
Event: 0.103 loading class 0x16cc5ca0 done
Event: 0.103 loading class 0x16cc5cd8
Event: 0.103 loading class 0x16cc5cd8 done
Event: 0.103 loading class 0x16cc5d10
Event: 0.103 loading class 0x16cc5d10 done
Event: 0.103 loading class 0x16c709b8 done


Dynamic libraries:
0x00400000 - 0x0042f000 	C:\Program Files\Java\jre7\bin\javaw.exe
0x7c920000 - 0x7c9b6000 	C:\WINDOWS\system32\ntdll.dll
0x7c800000 - 0x7c91e000 	C:\WINDOWS\system32\kernel32.dll
0x61610000 - 0x61673000 	C:\WINDOWS\SYSTEM32\SYSFER.DLL
0x77da0000 - 0x77e49000 	C:\WINDOWS\system32\ADVAPI32.dll
0x77e50000 - 0x77ee3000 	C:\WINDOWS\system32\RPCRT4.dll
0x77fc0000 - 0x77fd1000 	C:\WINDOWS\system32\Secur32.dll
0x77d10000 - 0x77da0000 	C:\WINDOWS\system32\USER32.dll
0x77ef0000 - 0x77f39000 	C:\WINDOWS\system32\GDI32.dll
0x77180000 - 0x77283000 	C:\WINDOWS\WinSxS\x86_Microsoft.Windows.Common-Controls_6595b64144ccf1df_6.0.2600.6028_x-ww_61e65202\COMCTL32.dll
0x77be0000 - 0x77c38000 	C:\WINDOWS\system32\msvcrt.dll
0x77f40000 - 0x77fb6000 	C:\WINDOWS\system32\SHLWAPI.dll
0x76300000 - 0x7631d000 	C:\WINDOWS\system32\IMM32.DLL
0x62c20000 - 0x62c29000 	C:\WINDOWS\system32\LPK.DLL
0x73fa0000 - 0x7400b000 	C:\WINDOWS\system32\USP10.dll
0x78aa0000 - 0x78b5e000 	C:\Program Files\Java\jre7\bin\msvcr100.dll
0x6e7c0000 - 0x6eb0f000 	C:\Program Files\Java\jre7\bin\client\jvm.dll
0x71a40000 - 0x71a4b000 	C:\WINDOWS\system32\WSOCK32.dll
0x71a20000 - 0x71a37000 	C:\WINDOWS\system32\WS2_32.dll
0x71a10000 - 0x71a18000 	C:\WINDOWS\system32\WS2HELP.dll
0x76b10000 - 0x76b3a000 	C:\WINDOWS\system32\WINMM.dll
0x76bc0000 - 0x76bcb000 	C:\WINDOWS\system32\PSAPI.DLL
0x6e710000 - 0x6e71c000 	C:\Program Files\Java\jre7\bin\verify.dll
0x6d4d0000 - 0x6d4f0000 	C:\Program Files\Java\jre7\bin\java.dll
0x6e7a0000 - 0x6e7b3000 	C:\Program Files\Java\jre7\bin\zip.dll
0x68d60000 - 0x68e01000 	C:\WINDOWS\system32\dbghelp.dll
0x77bd0000 - 0x77bd8000 	C:\WINDOWS\system32\VERSION.dll

VM Arguments:
jvm_args: -Dfile.encoding=GBK -Xbootclasspath:D:\Android\adt-bundle-windows-x86-20130522\sdk\platforms\android-17\android.jar 
java_command: org.eclipse.jdt.internal.junit.runner.RemoteTestRunner -version 3 -port 4660 -testLoaderClass org.eclipse.jdt.internal.junit4.runner.JUnit4TestLoader -loaderpluginname org.eclipse.jdt.junit4.runtime -classNames TestBaZi
Launcher Type: SUN_STANDARD

Environment Variables:
JAVA_HOME=C:\Program Files\Java\jdk1.7.0_10
PATH=C:/Program Files/Java/jre7/bin/client;C:/Program Files/Java/jre7/bin;C:/Program Files/Java/jre7/lib/i386;C:\Program Files\ActiveState Komodo Edit 8\;C:\Ruby200\bin;C:\Program Files\NVIDIA Corporation\PhysX\Common;C:\Python27\Lib\site-packages\PyQt4;C:\WINDOWS\system32;C:\WINDOWS;C:\WINDOWS\System32\Wbem;C:\Python27;C:\Python27\DLLs;C:\Python27\Scripts;C:\Python27\Lib\site-packages\vtk;C:\Python27\gnuplot\binary;C:\Program Files\pythonxy\SciTE-3.2.2-1;C:\Program Files\pythonxy\console;C:\MinGW32-xy\bin;C:\WINDOWS\system32\WindowsPowerShell\v1.0;d:\CTEX\UserData\miktex\bin;d:\CTEX\MiKTeX\miktex\bin;d:\CTEX\CTeX\ctex\bin;d:\CTEX\CTeX\cct\bin;d:\CTEX\CTeX\ty\bin;d:\CTEX\Ghostscript\gs9.05\bin;d:\CTEX\GSview\gsview;d:\CTEX\WinEdt;D:\Downloads\acb\acb-windows_1.02.0031_2012-09-02\acb-windows_09-02;C:\Program Files\Steel Bank Common Lisp\1.0.55.0.mswinmt.1173-1fad714\;C:\Program Files\TortoiseSVN\bin;C:\Go\bin;D:\Android\adt-bundle-windows-x86-20130522\eclipse;
USERNAME=ziying.liuziying
OS=Windows_NT
PROCESSOR_IDENTIFIER=x86 Family 6 Model 42 Stepping 7, GenuineIntel



---------------  S Y S T E M  ---------------

OS: Windows XP Build 2600 Service Pack 3

CPU:total 4 (4 cores per cpu, 1 threads per core) family 6 model 42 stepping 7, cmov, cx8, fxsr, mmx, sse, sse2, sse3, ssse3, sse4.1, sse4.2, popcnt, tsc, tscinvbit

Memory: 4k page, physical 3135856k(618072k free), swap 5064456k(1875860k free)

vm_info: Java HotSpot(TM) Client VM (23.21-b01) for windows-x86 JRE (1.7.0_21-b11), built on Apr  4 2013 04:43:10 by "java_re" with unknown MS VC++:1600

time: Sat Jun 22 15:04:30 2013
elapsed time: 0 seconds

